# JRE version: Java(TM) SE Runtime Environment (8.0_31-b13) (build 1.8.0_31-b13)
# Java VM: Java HotSpot(TM) Client VM (25.31-b07 mixed mode windows-x86 )
Heap:
 def new generation   total 12352K, used 8415K [0x10200000, 0x10f60000, 0x15750000)
  eden space 11008K,  70% used [0x10200000, 0x10992dd0, 0x10cc0000)
  from space 1344K,  49% used [0x10cc0000, 0x10d651c0, 0x10e10000)
  to   space 1344K,   0% used [0x10e10000, 0x10e10000, 0x10f60000)
 tenured generation   total 27308K, used 23137K [0x15750000, 0x171fb000, 0x20200000)
   the space 27308K,  84% used [0x15750000, 0x16de8680, 0x16de8800, 0x171fb000)
 Metaspace       used 24787K, capacity 25076K, committed 25088K, reserved 25984K
GC Heap History (10 events):
Event: 11.494 GC heap before
{Heap before GC invocations=102 (full 3):
 def new generation   total 12352K, used 12352K [0x10200000, 0x10f60000, 0x15750000)
  eden space 11008K, 100% used [0x10200000, 0x10cc0000, 0x10cc0000)
  from space 1344K, 100% used [0x10e10000, 0x10f60000, 0x10f60000)
  to   space 1344K,   0% used [0x10cc0000, 0x10cc0000, 0x10e10000)
 tenured generation   total 27308K, used 20258K [0x15750000, 0x171fb000, 0x20200000)
   the space 27308K,  74% used [0x15750000, 0x16b18a28, 0x16b18c00, 0x171fb000)
 Metaspace       used 21698K, capacity 21858K, committed 22016K, reserved 22912K
Event: 11.502 GC heap after
Heap after GC invocations=103 (full 3):
 def new generation   total 12352K, used 1307K [0x10200000, 0x10f60000, 0x15750000)
  eden space 11008K,   0% used [0x10200000, 0x10200000, 0x10cc0000)
  from space 1344K,  97% used [0x10cc0000, 0x10e06d48, 0x10e10000)
  to   space 1344K,   0% used [0x10e10000, 0x10e10000, 0x10f60000)
 tenured generation   total 27308K, used 21265K [0x15750000, 0x171fb000, 0x20200000)
   the space 27308K,  77% used [0x15750000, 0x16c147a0, 0x16c14800, 0x171fb000)
 Metaspace       used 21698K, capacity 21858K, committed 22016K, reserved 22912K
}
Event: 11.667 GC heap before
{Heap before GC invocations=103 (full 3):
 def new generation   total 12352K, used 12315K [0x10200000, 0x10f60000, 0x15750000)
  eden space 11008K, 100% used [0x10200000, 0x10cc0000, 0x10cc0000)
  from space 1344K,  97% used [0x10cc0000, 0x10e06d48, 0x10e10000)
  to   space 1344K,   0% used [0x10e10000, 0x10e10000, 0x10f60000)
 tenured generation   total 27308K, used 21265K [0x15750000, 0x171fb000, 0x20200000)
   the space 27308K,  77% used [0x15750000, 0x16c147a0, 0x16c14800, 0x171fb000)
 Metaspace       used 22748K, capacity 22975K, committed 23040K, reserved 23936K
Event: 11.673 GC heap after
Heap after GC invocations=104 (full 3):
 def new generation   total 12352K, used 1012K [0x10200000, 0x10f60000, 0x15750000)
  eden space 11008K,   0% used [0x10200000, 0x10200000, 0x10cc0000)
  from space 1344K,  75% used [0x10e10000, 0x10f0d0b0, 0x10f60000)
  to   space 1344K,   0% used [0x10cc0000, 0x10cc0000, 0x10e10000)
 tenured generation   total 27308K, used 21803K [0x15750000, 0x171fb000, 0x20200000)
   the space 27308K,  79% used [0x15750000, 0x16c9acf8, 0x16c9ae00, 0x171fb000)
 Metaspace       used 22748K, capacity 22975K, committed 23040K, reserved 23936K
}
Event: 11.785 GC heap before
{Heap before GC invocations=104 (full 3):
 def new generation   total 12352K, used 12020K [0x10200000, 0x10f60000, 0x15750000)
  eden space 11008K, 100% used [0x10200000, 0x10cc0000, 0x10cc0000)
  from space 1344K,  75% used [0x10e10000, 0x10f0d0b0, 0x10f60000)
  to   space 1344K,   0% used [0x10cc0000, 0x10cc0000, 0x10e10000)
 tenured generation   total 27308K, used 21803K [0x15750000, 0x171fb000, 0x20200000)
   the space 27308K,  79% used [0x15750000, 0x16c9acf8, 0x16c9ae00, 0x171fb000)
 Metaspace       used 23500K, capacity 23744K, committed 23808K, reserved 23936K
Event: 11.788 GC heap after
Heap after GC invocations=105 (full 3):
 def new generation   total 12352K, used 1049K [0x10200000, 0x10f60000, 0x15750000)
  eden space 11008K,   0% used [0x10200000, 0x10200000, 0x10cc0000)
  from space 1344K,  78% used [0x10cc0000, 0x10dc6530, 0x10e10000)
  to   space 1344K,   0% used [0x10e10000, 0x10e10000, 0x10f60000)
 tenured generation   total 27308K, used 22034K [0x15750000, 0x171fb000, 0x20200000)
   the space 27308K,  80% used [0x15750000, 0x16cd4b08, 0x16cd4c00, 0x171fb000)
 Metaspace       used 23500K, capacity 23744K, committed 23808K, reserved 23936K
}
Event: 11.890 GC heap before
{Heap before GC invocations=105 (full 3):
 def new generation   total 12352K, used 12057K [0x10200000, 0x10f60000, 0x15750000)
  eden space 11008K, 100% used [0x10200000, 0x10cc0000, 0x10cc0000)
  from space 1344K,  78% used [0x10cc0000, 0x10dc6530, 0x10e10000)
  to   space 1344K,   0% used [0x10e10000, 0x10e10000, 0x10f60000)
 tenured generation   total 27308K, used 22034K [0x15750000, 0x171fb000, 0x20200000)
   the space 27308K,  80% used [0x15750000, 0x16cd4b08, 0x16cd4c00, 0x171fb000)
 Metaspace       used 24304K, capacity 24578K, committed 24704K, reserved 24960K
Event: 11.894 GC heap after
Heap after GC invocations=106 (full 3):
 def new generation   total 12352K, used 1344K [0x10200000, 0x10f60000, 0x15750000)
  eden space 11008K,   0% used [0x10200000, 0x10200000, 0x10cc0000)
  from space 1344K, 100% used [0x10e10000, 0x10f60000, 0x10f60000)
  to   space 1344K,   0% used [0x10cc0000, 0x10cc0000, 0x10e10000)
 tenured generation   total 27308K, used 22414K [0x15750000, 0x171fb000, 0x20200000)
   the space 27308K,  82% used [0x15750000, 0x16d33b48, 0x16d33c00, 0x171fb000)
 Metaspace       used 24304K, capacity 24578K, committed 24704K, reserved 24960K
}
Event: 165.990 GC heap before
{Heap before GC invocations=106 (full 3):
 def new generation   total 12352K, used 12352K [0x10200000, 0x10f60000, 0x15750000)
  eden space 11008K, 100% used [0x10200000, 0x10cc0000, 0x10cc0000)
  from space 1344K, 100% used [0x10e10000, 0x10f60000, 0x10f60000)
  to   space 1344K,   0% used [0x10cc0000, 0x10cc0000, 0x10e10000)
 tenured generation   total 27308K, used 22414K [0x15750000, 0x171fb000, 0x20200000)
   the space 27308K,  82% used [0x15750000, 0x16d33b48, 0x16d33c00, 0x171fb000)
 Metaspace       used 24644K, capacity 24908K, committed 24960K, reserved 24960K
Event: 165.995 GC heap after
Heap after GC invocations=107 (full 3):
 def new generation   total 12352K, used 660K [0x10200000, 0x10f60000, 0x15750000)
  eden space 11008K,   0% used [0x10200000, 0x10200000, 0x10cc0000)
  from space 1344K,  49% used [0x10cc0000, 0x10d651c0, 0x10e10000)
  to   space 1344K,   0% used [0x10e10000, 0x10e10000, 0x10f60000)
 tenured generation   total 27308K, used 23137K [0x15750000, 0x171fb000, 0x20200000)
   the space 27308K,  84% used [0x15750000, 0x16de8680, 0x16de8800, 0x171fb000)
 Metaspace       used 24644K, capacity 24908K, committed 24960K, reserved 24960K
}

